2021-08-18 12:28:09.700  INFO 21983 --- [main] c.j.SpringDockerExampleApplicationTests  : Starting SpringDockerExampleApplicationTests using Java 11.0.11 on jackson-Lenovo-G50-70 with PID 21983 (started by jackson in /home/jackson/Workspace/SpringDockerExample)
2021-08-18 12:28:09.707  INFO 21983 --- [main] c.j.SpringDockerExampleApplicationTests  : No active profile set, falling back to default profiles: default
2021-08-18 12:28:13.513  INFO 21983 --- [main] c.j.SpringDockerExampleApplicationTests  : Started SpringDockerExampleApplicationTests in 4.537 seconds (JVM running for 6.705)
2021-08-18 12:28:23.461  INFO 22075 --- [main] com.jip.SpringDockerExampleApplication   : Starting SpringDockerExampleApplication using Java 11.0.11 on jackson-Lenovo-G50-70 with PID 22075 (/home/jackson/Workspace/SpringDockerExample/target/classes started by jackson in /home/jackson/Workspace/SpringDockerExample)
2021-08-18 12:28:23.467  INFO 22075 --- [main] com.jip.SpringDockerExampleApplication   : No active profile set, falling back to default profiles: default
2021-08-18 12:28:26.146  INFO 22075 --- [main] o.s.b.w.embedded.tomcat.TomcatWebServer  : Tomcat initialized with port(s): 8080 (http)
2021-08-18 12:28:26.180  INFO 22075 --- [main] o.apache.catalina.core.StandardService   : Starting service [Tomcat]
2021-08-18 12:28:26.183  INFO 22075 --- [main] org.apache.catalina.core.StandardEngine  : Starting Servlet engine: [Apache Tomcat/9.0.50]
2021-08-18 12:28:26.387  INFO 22075 --- [main] o.a.c.c.C.[Tomcat].[localhost].[/]       : Initializing Spring embedded WebApplicationContext
2021-08-18 12:28:26.387  INFO 22075 --- [main] w.s.c.ServletWebServerApplicationContext : Root WebApplicationContext: initialization completed in 2654 ms
2021-08-18 12:28:27.418  INFO 22075 --- [main] o.s.b.w.embedded.tomcat.TomcatWebServer  : Tomcat started on port(s): 8080 (http) with context path ''
2021-08-18 12:28:27.445  INFO 22075 --- [main] com.jip.SpringDockerExampleApplication   : Started SpringDockerExampleApplication in 4.97 seconds (JVM running for 5.607)
2021-08-18 12:28:40.200  INFO 22075 --- [http-nio-8080-exec-1] o.a.c.c.C.[Tomcat].[localhost].[/]       : Initializing Spring DispatcherServlet 'dispatcherServlet'
2021-08-18 12:28:40.201  INFO 22075 --- [http-nio-8080-exec-1] o.s.web.servlet.DispatcherServlet        : Initializing Servlet 'dispatcherServlet'
2021-08-18 12:28:40.205  INFO 22075 --- [http-nio-8080-exec-1] o.s.web.servlet.DispatcherServlet        : Completed initialization in 3 ms
2021-08-18 12:28:40.247  INFO 22075 --- [http-nio-8080-exec-1] com.jip.HelloController                  : Inside HelloController
2021-08-18 12:28:40.474  INFO 22075 --- [http-nio-8080-exec-2] com.jip.HelloController                  : Inside HelloController
2021-08-18 12:28:40.673  INFO 22075 --- [http-nio-8080-exec-3] com.jip.HelloController                  : Inside HelloController
2021-08-18 15:41:15.186  INFO 5590 --- [main] c.j.SpringDockerExampleApplicationTests  : Starting SpringDockerExampleApplicationTests using Java 11.0.11 on jackson-Lenovo-G50-70 with PID 5590 (started by jackson in /home/jackson/Workspace/SpringDockerExample)
2021-08-18 15:41:15.195  INFO 5590 --- [main] c.j.SpringDockerExampleApplicationTests  : No active profile set, falling back to default profiles: default
2021-08-18 15:41:22.292  INFO 5590 --- [main] c.j.SpringDockerExampleApplicationTests  : Started SpringDockerExampleApplicationTests in 8.408 seconds (JVM running for 12.479)
